  HashTableLab.cpp
C:\Users\gurba\source\repos\HashTable\HashTable\HashTable.h(62,18): error C2676: бинарный "==": "T" не определяет этот оператор или преобразование к типу приемлемо к встроенному оператору
          with
          [
              T=NameRecord
          ]
C:\Users\gurba\source\repos\HashTable\HashTable\HashTable.h(50): message : во время компиляции функции-члена класс шаблон "void HashTable<NameRecord>::Insert(const T &)"
          with
          [
              T=NameRecord
          ]
C:\Users\gurba\source\repos\HashTable\HashTable\HashTableLab.cpp(45): message : выполняется компиляция ссылки на экземпляр шаблон функции "void HashTable<NameRecord>::Insert(const T &)"
          with
          [
              T=NameRecord
          ]
C:\Users\gurba\source\repos\HashTable\HashTable\HashTableLab.cpp(29): message : выполняется компиляция ссылки на экземпляр класс шаблон функции "HashTable<NameRecord>"
C:\Users\gurba\source\repos\HashTable\HashTable\HashTable.h(81,18): error C2676: бинарный "==": "T" не определяет этот оператор или преобразование к типу приемлемо к встроенному оператору
          with
          [
              T=NameRecord
          ]
C:\Users\gurba\source\repos\HashTable\HashTable\HashTable.h(72): message : во время компиляции функции-члена класс шаблон "int HashTable<NameRecord>::Find(const T &)"
          with
          [
              T=NameRecord
          ]
C:\Users\gurba\source\repos\HashTable\HashTable\HashTableLab.cpp(38): message : выполняется компиляция ссылки на экземпляр шаблон функции "int HashTable<NameRecord>::Find(const T &)"
          with
          [
              T=NameRecord
          ]
C:\Users\gurba\source\repos\HashTable\HashTable\HashTable.h(96,18): error C2676: бинарный "==": "T" не определяет этот оператор или преобразование к типу приемлемо к встроенному оператору
          with
          [
              T=NameRecord
          ]
C:\Users\gurba\source\repos\HashTable\HashTable\HashTable.h(91): message : во время компиляции функции-члена класс шаблон "void HashTable<NameRecord>::Delete(const T &)"
          with
          [
              T=NameRecord
          ]
C:\Users\gurba\source\repos\HashTable\HashTable\HashTable.h(120,18): error C2676: бинарный "==": "T" не определяет этот оператор или преобразование к типу приемлемо к встроенному оператору
          with
          [
              T=NameRecord
          ]
C:\Users\gurba\source\repos\HashTable\HashTable\HashTable.h(115): message : во время компиляции функции-члена класс шаблон "void HashTable<NameRecord>::Update(const T &)"
          with
          [
              T=NameRecord
          ]
C:\Users\gurba\source\repos\HashTable\HashTable\HashTableLab.cpp(40): message : выполняется компиляция ссылки на экземпляр шаблон функции "void HashTable<NameRecord>::Update(const T &)"
          with
          [
              T=NameRecord
          ]
